build/app/intermediates/manifest_merge_blame_file/release/manifest-merger-blame-release-report.txt
1<?xml version="1.0" encoding="utf-8"?>
2<manifest xmlns:android="http://schemas.android.com/apk/res/android"
3    package="com.app.teraphy.spain"
4    android:versionCode="1"
5    android:versionName="1.0.1" >
6
7    <uses-sdk
8        android:minSdkVersion="23"
9        android:targetSdkVersion="34" />
10
11    <uses-permission android:name="android.permission.WRITE_EXTERNAL_STORAGE" />
11-->src/main/AndroidManifest.xml:5:5-80
11-->src/main/AndroidManifest.xml:5:22-78
12    <uses-permission android:name="android.permission.INTERNET" />
12-->src/main/AndroidManifest.xml:6:5-66
12-->src/main/AndroidManifest.xml:6:22-64
13    <uses-permission android:name="android.permission.FOREGROUND_SERVICE" />
13-->src/main/AndroidManifest.xml:7:5-77
13-->src/main/AndroidManifest.xml:7:22-74
14    <uses-permission android:name="android.permission.RECORD_AUDIO" />
14-->src/main/AndroidManifest.xml:8:5-70
14-->src/main/AndroidManifest.xml:8:22-68
15    <uses-permission android:name="android.permission.BLUETOOTH" />
15-->src/main/AndroidManifest.xml:9:5-67
15-->src/main/AndroidManifest.xml:9:22-65
16    <uses-permission android:name="android.permission.BLUETOOTH_ADMIN" />
16-->src/main/AndroidManifest.xml:10:5-73
16-->src/main/AndroidManifest.xml:10:22-71
17    <uses-permission android:name="android.permission.BLUETOOTH_CONNECT" />
17-->src/main/AndroidManifest.xml:11:5-75
17-->src/main/AndroidManifest.xml:11:22-73
18
19    <!-- Provide required visibility configuration for API level 30 and above -->
20    <queries>
20-->src/main/AndroidManifest.xml:14:5-25:15
21
22        <!-- If your app checks for SMS support -->
23        <intent>
23-->src/main/AndroidManifest.xml:16:9-19:18
24            <action android:name="android.intent.action.VIEW" />
24-->src/main/AndroidManifest.xml:17:13-65
24-->src/main/AndroidManifest.xml:17:21-62
25
26            <data android:scheme="sms" />
26-->src/main/AndroidManifest.xml:18:13-42
26-->src/main/AndroidManifest.xml:18:19-39
27        </intent>
28        <!-- If your app checks for call support -->
29        <intent>
29-->src/main/AndroidManifest.xml:21:9-24:18
30            <action android:name="android.intent.action.VIEW" />
30-->src/main/AndroidManifest.xml:17:13-65
30-->src/main/AndroidManifest.xml:17:21-62
31
32            <data android:scheme="tel" />
32-->src/main/AndroidManifest.xml:18:13-42
32-->src/main/AndroidManifest.xml:18:19-39
33        </intent>
34    </queries>
35    <queries>
35-->src/main/AndroidManifest.xml:14:5-25:15
36        <intent>
36-->src/main/AndroidManifest.xml:27:9-31:18
37            <action android:name="android.intent.action.VIEW" />
37-->src/main/AndroidManifest.xml:17:13-65
37-->src/main/AndroidManifest.xml:17:21-62
38
39            <category android:name="android.intent.category.BROWSABLE" />
39-->src/main/AndroidManifest.xml:29:13-74
39-->src/main/AndroidManifest.xml:29:23-71
40
41            <data android:scheme="https" />
41-->src/main/AndroidManifest.xml:18:13-42
41-->src/main/AndroidManifest.xml:18:19-39
42        </intent>
43    </queries>
44    <queries>
44-->src/main/AndroidManifest.xml:14:5-25:15
45        <intent>
45-->src/main/AndroidManifest.xml:34:9-36:18
46            <action android:name="android.speech.RecognitionService" />
46-->src/main/AndroidManifest.xml:35:10-69
46-->src/main/AndroidManifest.xml:35:18-66
47        </intent>
48    </queries>
49    <queries>
49-->src/main/AndroidManifest.xml:14:5-25:15
50        <intent>
50-->src/main/AndroidManifest.xml:39:10-41:19
51            <action android:name="android.intent.action.TTS_SERVICE" />
51-->src/main/AndroidManifest.xml:40:11-70
51-->src/main/AndroidManifest.xml:40:19-67
52        </intent>
53    </queries>
54
55    <permission
55-->[androidx.core:core:1.13.1] AndroidManifest.xml:22:5-24:47
56        android:name="com.app.teraphy.spain.DYNAMIC_RECEIVER_NOT_EXPORTED_PERMISSION"
56-->[androidx.core:core:1.13.1] AndroidManifest.xml:23:9-81
57        android:protectionLevel="signature" />
57-->[androidx.core:core:1.13.1] AndroidManifest.xml:24:9-44
58
59    <uses-permission android:name="com.app.teraphy.spain.DYNAMIC_RECEIVER_NOT_EXPORTED_PERMISSION" />
59-->[androidx.core:core:1.13.1] AndroidManifest.xml:26:5-97
59-->[androidx.core:core:1.13.1] AndroidManifest.xml:26:22-94
60
61    <application
62        android:name="android.app.Application"
62-->src/main/AndroidManifest.xml:45:9-42
63        android:appComponentFactory="androidx.core.app.CoreComponentFactory"
63-->[androidx.core:core:1.13.1] AndroidManifest.xml:28:18-86
64        android:extractNativeLibs="false"
65        android:icon="@mipmap/ic_launcher"
65-->src/main/AndroidManifest.xml:46:9-43
66        android:label="QuicklAI"
66-->src/main/AndroidManifest.xml:44:9-33
67        android:roundIcon="@mipmap/ic_launcher"
67-->src/main/AndroidManifest.xml:48:9-48
68        android:usesCleartextTraffic="true" >
68-->src/main/AndroidManifest.xml:47:9-44
69        <activity
69-->src/main/AndroidManifest.xml:51:8-86:20
70            android:name="com.app.teraphy.spain.MainActivity"
70-->src/main/AndroidManifest.xml:52:13-41
71            android:configChanges="orientation|keyboardHidden|keyboard|screenSize|smallestScreenSize|locale|layoutDirection|fontScale|screenLayout|density|uiMode"
71-->src/main/AndroidManifest.xml:53:13-163
72            android:exported="true"
72-->src/main/AndroidManifest.xml:54:13-36
73            android:hardwareAccelerated="true"
73-->src/main/AndroidManifest.xml:55:13-47
74            android:launchMode="singleTop"
74-->src/main/AndroidManifest.xml:56:13-43
75            android:theme="@style/LaunchTheme"
75-->src/main/AndroidManifest.xml:57:13-47
76            android:windowSoftInputMode="adjustResize" >
76-->src/main/AndroidManifest.xml:58:13-55
77
78            <!--
79                 Specifies an Android theme to apply to this Activity as soon as
80                 the Android process has started. This theme is visible to the user
81                 while the Flutter UI initializes. After that, this theme continues
82                 to determine the Window background behind the Flutter UI.
83            -->
84            <meta-data
84-->src/main/AndroidManifest.xml:63:13-65:57
85                android:name="io.flutter.embedding.android.NormalTheme"
85-->src/main/AndroidManifest.xml:64:17-72
86                android:resource="@style/NormalTheme" />
86-->src/main/AndroidManifest.xml:65:17-54
87            <meta-data
87-->src/main/AndroidManifest.xml:67:13-69:44
88                android:name="com.google.firebase.messaging.default_notification_channel_id"
88-->src/main/AndroidManifest.xml:68:17-93
89                android:value="quicklai" />
89-->src/main/AndroidManifest.xml:69:17-41
90            <meta-data
90-->src/main/AndroidManifest.xml:71:13-73:60
91                android:name="com.google.firebase.messaging.default_notification_icon"
91-->src/main/AndroidManifest.xml:72:17-87
92                android:resource="@drawable/ic_launcher" />
92-->src/main/AndroidManifest.xml:73:17-57
93
94            <intent-filter>
94-->src/main/AndroidManifest.xml:75:13-78:29
95                <action android:name="android.intent.action.MAIN" />
95-->src/main/AndroidManifest.xml:76:17-69
95-->src/main/AndroidManifest.xml:76:25-66
96
97                <category android:name="android.intent.category.LAUNCHER" />
97-->src/main/AndroidManifest.xml:77:17-77
97-->src/main/AndroidManifest.xml:77:27-74
98            </intent-filter>
99            <intent-filter>
99-->src/main/AndroidManifest.xml:79:13-82:29
100                <action android:name="FLUTTER_NOTIFICATION_CLICK" />
100-->src/main/AndroidManifest.xml:80:17-69
100-->src/main/AndroidManifest.xml:80:25-66
101
102                <category android:name="android.intent.category.DEFAULT" />
102-->src/main/AndroidManifest.xml:81:17-76
102-->src/main/AndroidManifest.xml:81:27-73
103            </intent-filter>
104            <intent-filter>
104-->src/main/AndroidManifest.xml:83:13-85:29
105                <action android:name="com.google.firebase.MESSAGING_EVENT" />
105-->src/main/AndroidManifest.xml:84:17-78
105-->src/main/AndroidManifest.xml:84:25-75
106            </intent-filter>
107        </activity>
108        <!--
109             Don't delete the meta-data below.
110             This is used by the Flutter tool to generate GeneratedPluginRegistrant.java
111        -->
112        <meta-data
112-->src/main/AndroidManifest.xml:89:9-91:33
113            android:name="flutterEmbedding"
113-->src/main/AndroidManifest.xml:90:13-44
114            android:value="2" />
114-->src/main/AndroidManifest.xml:91:13-30
115
116        <provider
117            android:name="androidx.core.content.FileProvider"
117-->src/main/AndroidManifest.xml:93:13-62
118            android:authorities="com.app.teraphy.spain.provider"
118-->src/main/AndroidManifest.xml:94:13-60
119            android:exported="false"
119-->src/main/AndroidManifest.xml:95:13-37
120            android:grantUriPermissions="true" >
120-->src/main/AndroidManifest.xml:96:13-47
121            <meta-data
121-->src/main/AndroidManifest.xml:97:13-99:57
122                android:name="android.support.FILE_PROVIDER_PATHS"
122-->src/main/AndroidManifest.xml:98:17-67
123                android:resource="@xml/provider_paths" />
123-->src/main/AndroidManifest.xml:99:17-55
124        </provider>
125
126        <meta-data
126-->src/main/AndroidManifest.xml:102:9-104:69
127            android:name="com.google.android.gms.ads.APPLICATION_ID"
127-->src/main/AndroidManifest.xml:103:13-69
128            android:value="ca-app-pub-3940256099942544~3347511713" />
128-->src/main/AndroidManifest.xml:104:13-67
129
130        <service
130-->src/main/AndroidManifest.xml:106:9-111:19
131            android:name="com.example.app.backgroundService"
131-->src/main/AndroidManifest.xml:106:18-66
132            android:exported="false" >
132-->src/main/AndroidManifest.xml:107:10-34
133            <intent-filter>
133-->src/main/AndroidManifest.xml:108:13-110:30
134                <action android:name="com.example.app.START_BACKGROUND" />
134-->src/main/AndroidManifest.xml:109:15-73
134-->src/main/AndroidManifest.xml:109:23-70
135            </intent-filter>
136        </service>
137
138        <receiver
138-->src/main/AndroidManifest.xml:112:9-114:21
139            android:name="com.dexterous.flutterlocalnotifications.ScheduledNotificationBootReceiver"
139-->src/main/AndroidManifest.xml:112:19-107
140            android:exported="false" >
140-->src/main/AndroidManifest.xml:113:15-39
141        </receiver>
142
143        <provider
143-->[androidx.profileinstaller:profileinstaller:1.3.0] AndroidManifest.xml:24:9-32:20
144            android:name="androidx.startup.InitializationProvider"
144-->[androidx.profileinstaller:profileinstaller:1.3.0] AndroidManifest.xml:25:13-67
145            android:authorities="com.app.teraphy.spain.androidx-startup"
145-->[androidx.profileinstaller:profileinstaller:1.3.0] AndroidManifest.xml:26:13-68
146            android:exported="false" >
146-->[androidx.profileinstaller:profileinstaller:1.3.0] AndroidManifest.xml:27:13-37
147            <meta-data
147-->[androidx.profileinstaller:profileinstaller:1.3.0] AndroidManifest.xml:29:13-31:52
148                android:name="androidx.profileinstaller.ProfileInstallerInitializer"
148-->[androidx.profileinstaller:profileinstaller:1.3.0] AndroidManifest.xml:30:17-85
149                android:value="androidx.startup" />
149-->[androidx.profileinstaller:profileinstaller:1.3.0] AndroidManifest.xml:31:17-49
150        </provider>
151
152        <receiver
152-->[androidx.profileinstaller:profileinstaller:1.3.0] AndroidManifest.xml:34:9-52:20
153            android:name="androidx.profileinstaller.ProfileInstallReceiver"
153-->[androidx.profileinstaller:profileinstaller:1.3.0] AndroidManifest.xml:35:13-76
154            android:directBootAware="false"
154-->[androidx.profileinstaller:profileinstaller:1.3.0] AndroidManifest.xml:36:13-44
155            android:enabled="true"
155-->[androidx.profileinstaller:profileinstaller:1.3.0] AndroidManifest.xml:37:13-35
156            android:exported="true"
156-->[androidx.profileinstaller:profileinstaller:1.3.0] AndroidManifest.xml:38:13-36
157            android:permission="android.permission.DUMP" >
157-->[androidx.profileinstaller:profileinstaller:1.3.0] AndroidManifest.xml:39:13-57
158            <intent-filter>
158-->[androidx.profileinstaller:profileinstaller:1.3.0] AndroidManifest.xml:40:13-42:29
159                <action android:name="androidx.profileinstaller.action.INSTALL_PROFILE" />
159-->[androidx.profileinstaller:profileinstaller:1.3.0] AndroidManifest.xml:41:17-91
159-->[androidx.profileinstaller:profileinstaller:1.3.0] AndroidManifest.xml:41:25-88
160            </intent-filter>
161            <intent-filter>
161-->[androidx.profileinstaller:profileinstaller:1.3.0] AndroidManifest.xml:43:13-45:29
162                <action android:name="androidx.profileinstaller.action.SKIP_FILE" />
162-->[androidx.profileinstaller:profileinstaller:1.3.0] AndroidManifest.xml:44:17-85
162-->[androidx.profileinstaller:profileinstaller:1.3.0] AndroidManifest.xml:44:25-82
163            </intent-filter>
164            <intent-filter>
164-->[androidx.profileinstaller:profileinstaller:1.3.0] AndroidManifest.xml:46:13-48:29
165                <action android:name="androidx.profileinstaller.action.SAVE_PROFILE" />
165-->[androidx.profileinstaller:profileinstaller:1.3.0] AndroidManifest.xml:47:17-88
165-->[androidx.profileinstaller:profileinstaller:1.3.0] AndroidManifest.xml:47:25-85
166            </intent-filter>
167            <intent-filter>
167-->[androidx.profileinstaller:profileinstaller:1.3.0] AndroidManifest.xml:49:13-51:29
168                <action android:name="androidx.profileinstaller.action.BENCHMARK_OPERATION" />
168-->[androidx.profileinstaller:profileinstaller:1.3.0] AndroidManifest.xml:50:17-95
168-->[androidx.profileinstaller:profileinstaller:1.3.0] AndroidManifest.xml:50:25-92
169            </intent-filter>
170        </receiver>
171    </application>
172
173</manifest>